This is pdfTeX, Version 3.14159265-2.6-1.40.21 (TeX Live 2020/Arch Linux) (preloaded format=pdflatex 2021.5.22)  7 JUN 2021 21:01
entering extended mode
 restricted \write18 enabled.
 file:line:error style messages enabled.
 %&-line parsing enabled.
**/home/suban/Documents/school/latex/thirdSem/DL/lab-2/report.tex
(/home/suban/Documents/school/latex/thirdSem/DL/lab-2/report.tex
LaTeX2e <2020-10-01> patch level 2
L3 programming layer <2020-12-03> xparse <2020-03-03> (/usr/share/texmf-dist/tex/latex/base/article.cls
Document Class: article 2020/04/10 v1.4m Standard LaTeX document class
(/usr/share/texmf-dist/tex/latex/base/size12.clo
File: size12.clo 2020/04/10 v1.4m Standard LaTeX file (size option)
)
\c@part=\count177
\c@section=\count178
\c@subsection=\count179
\c@subsubsection=\count180
\c@paragraph=\count181
\c@subparagraph=\count182
\c@figure=\count183
\c@table=\count184
\abovecaptionskip=\skip47
\belowcaptionskip=\skip48
\bibindent=\dimen138
) (/usr/share/texmf-dist/tex/latex/mathtools/mathtools.sty
Package: mathtools 2020/03/24 v1.24 mathematical typesetting tools
 (/usr/share/texmf-dist/tex/latex/graphics/keyval.sty
Package: keyval 2014/10/28 v1.15 key=value parser (DPC)
\KV@toks@=\toks15
) (/usr/share/texmf-dist/tex/latex/tools/calc.sty
Package: calc 2017/05/25 v4.3 Infix arithmetic (KKT,FJ)
\calc@Acount=\count185
\calc@Bcount=\count186
\calc@Adimen=\dimen139
\calc@Bdimen=\dimen140
\calc@Askip=\skip49
\calc@Bskip=\skip50
LaTeX Info: Redefining \setlength on input line 80.
LaTeX Info: Redefining \addtolength on input line 81.
\calc@Ccount=\count187
\calc@Cskip=\skip51
) (/usr/share/texmf-dist/tex/latex/mathtools/mhsetup.sty
Package: mhsetup 2017/03/31 v1.3 programming setup (MH)
) (/usr/share/texmf-dist/tex/latex/amsmath/amsmath.sty
Package: amsmath 2020/09/23 v2.17i AMS math features
\@mathmargin=\skip52

For additional information on amsmath, use the `?' option.
(/usr/share/texmf-dist/tex/latex/amsmath/amstext.sty
Package: amstext 2000/06/29 v2.01 AMS text
 (/usr/share/texmf-dist/tex/latex/amsmath/amsgen.sty
File: amsgen.sty 1999/11/30 v2.0 generic functions
\@emptytoks=\toks16
\ex@=\dimen141
)) (/usr/share/texmf-dist/tex/latex/amsmath/amsbsy.sty
Package: amsbsy 1999/11/29 v1.2d Bold Symbols
\pmbraise@=\dimen142
) (/usr/share/texmf-dist/tex/latex/amsmath/amsopn.sty
Package: amsopn 2016/03/08 v2.02 operator names
)
\inf@bad=\count188
LaTeX Info: Redefining \frac on input line 234.
\uproot@=\count189
\leftroot@=\count190
LaTeX Info: Redefining \overline on input line 399.
\classnum@=\count191
\DOTSCASE@=\count192
LaTeX Info: Redefining \ldots on input line 496.
LaTeX Info: Redefining \dots on input line 499.
LaTeX Info: Redefining \cdots on input line 620.
\Mathstrutbox@=\box47
\strutbox@=\box48
\big@size=\dimen143
LaTeX Font Info:    Redeclaring font encoding OML on input line 743.
LaTeX Font Info:    Redeclaring font encoding OMS on input line 744.
\macc@depth=\count193
\c@MaxMatrixCols=\count194
\dotsspace@=\muskip16
\c@parentequation=\count195
\dspbrk@lvl=\count196
\tag@help=\toks17
\row@=\count197
\column@=\count198
\maxfields@=\count199
\andhelp@=\toks18
\eqnshift@=\dimen144
\alignsep@=\dimen145
\tagshift@=\dimen146
\tagwidth@=\dimen147
\totwidth@=\dimen148
\lineht@=\dimen149
\@envbody=\toks19
\multlinegap=\skip53
\multlinetaggap=\skip54
\mathdisplay@stack=\toks20
LaTeX Info: Redefining \[ on input line 2923.
LaTeX Info: Redefining \] on input line 2924.
)
LaTeX Info: Thecontrolsequence`\('isalreadyrobust on input line 130.
LaTeX Info: Thecontrolsequence`\)'isalreadyrobust on input line 130.
LaTeX Info: Thecontrolsequence`\['isalreadyrobust on input line 130.
LaTeX Info: Thecontrolsequence`\]'isalreadyrobust on input line 130.
\g_MT_multlinerow_int=\count266
\l_MT_multwidth_dim=\dimen150
\origjot=\skip55
\l_MT_shortvdotswithinadjustabove_dim=\dimen151
\l_MT_shortvdotswithinadjustbelow_dim=\dimen152
\l_MT_above_intertext_sep=\dimen153
\l_MT_below_intertext_sep=\dimen154
\l_MT_above_shortintertext_sep=\dimen155
\l_MT_below_shortintertext_sep=\dimen156
\xmathstrut@box=\box49
\xmathstrut@dim=\dimen157
) (/usr/share/texmf-dist/tex/latex/graphics/graphicx.sty
Package: graphicx 2020/09/09 v1.2b Enhanced LaTeX Graphics (DPC,SPQR)
 (/usr/share/texmf-dist/tex/latex/graphics/graphics.sty
Package: graphics 2020/08/30 v1.4c Standard LaTeX Graphics (DPC,SPQR)
 (/usr/share/texmf-dist/tex/latex/graphics/trig.sty
Package: trig 2016/01/03 v1.10 sin cos tan (DPC)
) (/usr/share/texmf-dist/tex/latex/graphics-cfg/graphics.cfg
File: graphics.cfg 2016/06/04 v1.11 sample graphics configuration
)
Package graphics Info: Driver file: pdftex.def on input line 105.
 (/usr/share/texmf-dist/tex/latex/graphics-def/pdftex.def
File: pdftex.def 2020/10/05 v1.2a Graphics/color driver for pdftex
))
\Gin@req@height=\dimen158
\Gin@req@width=\dimen159
) (/usr/share/texmf-dist/tex/latex/caption/caption.sty
Package: caption 2020/10/26 v3.5g Customizing captions (AR)
 (/usr/share/texmf-dist/tex/latex/caption/caption3.sty
Package: caption3 2020/10/21 v2.2e caption3 kernel (AR)
\captionmargin=\dimen160
\captionmargin@=\dimen161
\captionwidth=\dimen162
\caption@tempdima=\dimen163
\caption@indent=\dimen164
\caption@parindent=\dimen165
\caption@hangindent=\dimen166
Package caption Info: Standard document class detected.
)
\c@caption@flags=\count267
\c@continuedfloat=\count268
) (/usr/share/texmf-dist/tex/latex/caption/subcaption.sty
Package: subcaption 2020/10/07 v1.3j Sub-captions (AR)
\c@subfigure=\count269
\c@subtable=\count270
) (/usr/share/texmf-dist/tex/latex/geometry/geometry.sty
Package: geometry 2020/01/02 v5.9 Page Geometry
 (/usr/share/texmf-dist/tex/generic/iftex/ifvtex.sty
Package: ifvtex 2019/10/25 v1.7 ifvtex legacy package. Use iftex instead.
 (/usr/share/texmf-dist/tex/generic/iftex/iftex.sty
Package: iftex 2020/03/06 v1.0d TeX engine tests
))
\Gm@cnth=\count271
\Gm@cntv=\count272
\c@Gm@tempcnt=\count273
\Gm@bindingoffset=\dimen167
\Gm@wd@mp=\dimen168
\Gm@odd@mp=\dimen169
\Gm@even@mp=\dimen170
\Gm@layoutwidth=\dimen171
\Gm@layoutheight=\dimen172
\Gm@layouthoffset=\dimen173
\Gm@layoutvoffset=\dimen174
\Gm@dimlist=\toks21
) (/usr/share/texmf-dist/tex/latex/fancyhdr/fancyhdr.sty
Package: fancyhdr 2019/01/31 v3.10 Extensive control of page headers and footers
\f@nch@headwidth=\skip56
\f@nch@O@elh=\skip57
\f@nch@O@erh=\skip58
\f@nch@O@olh=\skip59
\f@nch@O@orh=\skip60
\f@nch@O@elf=\skip61
\f@nch@O@erf=\skip62
\f@nch@O@olf=\skip63
\f@nch@O@orf=\skip64
) (/usr/share/texmf-dist/tex/latex/l3backend/l3backend-pdftex.def
File: l3backend-pdftex.def 2020-09-24 L3 backend support: PDF output (pdfTeX)
\l__kernel_color_stack_int=\count274
\l__pdf_internal_box=\box50
) (/home/suban/Documents/school/latex/thirdSem/DL/lab-2/report.aux)
LaTeX Font Info:    Checking defaults for OML/cmm/m/it on input line 21.
LaTeX Font Info:    ... okay on input line 21.
LaTeX Font Info:    Checking defaults for OMS/cmsy/m/n on input line 21.
LaTeX Font Info:    ... okay on input line 21.
LaTeX Font Info:    Checking defaults for OT1/cmr/m/n on input line 21.
LaTeX Font Info:    ... okay on input line 21.
LaTeX Font Info:    Checking defaults for T1/cmr/m/n on input line 21.
LaTeX Font Info:    ... okay on input line 21.
LaTeX Font Info:    Checking defaults for TS1/cmr/m/n on input line 21.
LaTeX Font Info:    ... okay on input line 21.
LaTeX Font Info:    Checking defaults for OMX/cmex/m/n on input line 21.
LaTeX Font Info:    ... okay on input line 21.
LaTeX Font Info:    Checking defaults for U/cmr/m/n on input line 21.
LaTeX Font Info:    ... okay on input line 21.
 (/usr/share/texmf-dist/tex/context/base/mkii/supp-pdf.mkii
[Loading MPS to PDF converter (version 2006.09.02).]
\scratchcounter=\count275
\scratchdimen=\dimen175
\scratchbox=\box51
\nofMPsegments=\count276
\nofMParguments=\count277
\everyMPshowfont=\toks22
\MPscratchCnt=\count278
\MPscratchDim=\dimen176
\MPnumerator=\count279
\makeMPintoPDFobject=\count280
\everyMPtoPDFconversion=\toks23
) (/usr/share/texmf-dist/tex/latex/epstopdf-pkg/epstopdf-base.sty
Package: epstopdf-base 2020-01-24 v2.11 Base part for package epstopdf
Package epstopdf-base Info: Redefining graphics rule for `.eps' on input line 485.
 (/usr/share/texmf-dist/tex/latex/latexconfig/epstopdf-sys.cfg
File: epstopdf-sys.cfg 2010/07/13 v1.3 Configuration of (r)epstopdf for TeX Live
))
Package caption Info: Begin \AtBeginDocument code.
Package caption Info: End \AtBeginDocument code.

*geometry* driver: auto-detecting
*geometry* detected driver: pdftex
*geometry* verbose mode - [ preamble ] result:
* driver: pdftex
* paper: a4paper
* layout: <same size as paper>
* layoutoffset:(h,v)=(0.0pt,0.0pt)
* modes: includefoot 
* h-part:(L,W,R)=(72.26999pt, 452.9679pt, 72.26999pt)
* v-part:(T,H,B)=(72.26999pt, 736.64186pt, 36.135pt)
* \paperwidth=597.50787pt
* \paperheight=845.04684pt
* \textwidth=452.9679pt
* \textheight=706.64186pt
* \oddsidemargin=0.0pt
* \evensidemargin=0.0pt
* \topmargin=-37.0pt
* \headheight=12.0pt
* \headsep=25.0pt
* \topskip=12.0pt
* \footskip=30.0pt
* \marginparwidth=35.0pt
* \marginparsep=10.0pt
* \columnsep=10.0pt
* \skip\footins=10.8pt plus 4.0pt minus 2.0pt
* \hoffset=0.0pt
* \voffset=0.0pt
* \mag=1000
* \@twocolumnfalse
* \@twosidefalse
* \@mparswitchfalse
* \@reversemarginfalse
* (1in=72.27pt=25.4mm, 1cm=28.453pt)

<./images//logo.png, id=1, 134.00063pt x 113.67468pt>
File: ./images//logo.png Graphic file (type png)
<use ./images//logo.png>
Package pdftex.def Info: ./images//logo.png  used on input line 25.
(pdftex.def)             Requested size: 134.00027pt x 113.6744pt.

Underfull \hbox (badness 10000) in paragraph at lines 38--41

 []


Underfull \hbox (badness 10000) in paragraph at lines 49--51
\OT1/cmr/m/n/12 Department of
 []


Underfull \hbox (badness 10000) in paragraph at lines 49--51
\OT1/cmr/m/n/12 Elec-tron-ics and
 []


Underfull \hbox (badness 10000) in paragraph at lines 49--51
\OT1/cmr/m/n/12 Com-mu-ni-ca-tions
 []

[1

{/var/lib/texmf/fonts/map/pdftex/updmap/pdftex.map} </home/suban/Documents/school/latex/thirdSem/DL/lab-2/./images//logo.png>] [1]
<./images//demorgan-first.png, id=14, 359.3425pt x 304.13625pt>
File: ./images//demorgan-first.png Graphic file (type png)
<use ./images//demorgan-first.png>
Package pdftex.def Info: ./images//demorgan-first.png  used on input line 101.
(pdftex.def)             Requested size: 359.34161pt x 304.1355pt.
 [2 </home/suban/Documents/school/latex/thirdSem/DL/lab-2/./images//demorgan-first.png>]
<./images//demorgan-second.png, id=21, 360.34625pt x 307.1475pt>
File: ./images//demorgan-second.png Graphic file (type png)
<use ./images//demorgan-second.png>
Package pdftex.def Info: ./images//demorgan-second.png  used on input line 125.
(pdftex.def)             Requested size: 360.34537pt x 307.14674pt.
<./images//deMorgan1.png, id=22, 761.09344pt x 428.35031pt>
File: ./images//deMorgan1.png Graphic file (type png)
<use ./images//deMorgan1.png>
Package pdftex.def Info: ./images//deMorgan1.png  used on input line 138.
(pdftex.def)             Requested size: 418.60269pt x 235.5934pt.
 [3 </home/suban/Documents/school/latex/thirdSem/DL/lab-2/./images//demorgan-second.png>] [4 </home/suban/Documents/school/latex/thirdSem/DL/lab-2/./images//deMorgan1.png>]
<./images//deMorgan2.png, id=31, 696.35156pt x 448.67625pt>
File: ./images//deMorgan2.png Graphic file (type png)
<use ./images//deMorgan2.png>
Package pdftex.def Info: ./images//deMorgan2.png  used on input line 162.
(pdftex.def)             Requested size: 417.81415pt x 269.20782pt.
 [5 </home/suban/Documents/school/latex/thirdSem/DL/lab-2/./images//deMorgan2.png>]
<./images//nand-and.png, id=36, 400.49625pt x 95.6072pt>
File: ./images//nand-and.png Graphic file (type png)
<use ./images//nand-and.png>
Package pdftex.def Info: ./images//nand-and.png  used on input line 186.
(pdftex.def)             Requested size: 300.37144pt x 71.7052pt.
<./images//nand-not.png, id=37, 240.9pt x 81.30376pt>
File: ./images//nand-not.png Graphic file (type png)
<use ./images//nand-not.png>
Package pdftex.def Info: ./images//nand-not.png  used on input line 198.
(pdftex.def)             Requested size: 180.67455pt x 60.97765pt.
<./images//nand-or.png, id=38, 414.04688pt x 183.68625pt>
File: ./images//nand-or.png Graphic file (type png)
<use ./images//nand-or.png>
Package pdftex.def Info: ./images//nand-or.png  used on input line 210.
(pdftex.def)             Requested size: 310.53438pt x 137.76433pt.
<./images//nor-and.png, id=39, 376.40625pt x 149.05687pt>
File: ./images//nor-and.png Graphic file (type png)
<use ./images//nor-and.png>
Package pdftex.def Info: ./images//nor-and.png  used on input line 223.
(pdftex.def)             Requested size: 282.30399pt x 111.79237pt.
 [6 </home/suban/Documents/school/latex/thirdSem/DL/lab-2/./images//nand-and.png> </home/suban/Documents/school/latex/thirdSem/DL/lab-2/./images//nand-not.png> </home/suban/Documents/school/latex/thirdSem/DL/lab-2/./images//nand-or.png>]
<./images//nor-not.png, id=47, 254.45062pt x 72.27pt>
File: ./images//nor-not.png Graphic file (type png)
<use ./images//nor-not.png>
Package pdftex.def Info: ./images//nor-not.png  used on input line 236.
(pdftex.def)             Requested size: 190.8375pt x 54.20235pt.
<./images//nor-or.png, id=48, 375.65344pt x 89.58469pt>
File: ./images//nor-or.png Graphic file (type png)
<use ./images//nor-or.png>
Package pdftex.def Info: ./images//nor-or.png  used on input line 248.
(pdftex.def)             Requested size: 281.73938pt x 67.18834pt.
 [7 </home/suban/Documents/school/latex/thirdSem/DL/lab-2/./images//nor-and.png> </home/suban/Documents/school/latex/thirdSem/DL/lab-2/./images//nor-not.png> </home/suban/Documents/school/latex/thirdSem/DL/lab-2/./images//nor-or.png>]
<./images//nand-xor.png, id=55, 755.07094pt x 263.48438pt>
File: ./images//nand-xor.png Graphic file (type png)
<use ./images//nand-xor.png>
Package pdftex.def Info: ./images//nand-xor.png  used on input line 264.
(pdftex.def)             Requested size: 377.53455pt x 131.74185pt.
<./images//nand-xnor.png, id=56, 760.34062pt x 313.9228pt>
File: ./images//nand-xnor.png Graphic file (type png)
<use ./images//nand-xnor.png>
Package pdftex.def Info: ./images//nand-xnor.png  used on input line 277.
(pdftex.def)             Requested size: 380.16937pt x 156.96101pt.
<./images//nor-xor.png, id=57, 904.37875pt x 509.905pt>
File: ./images//nor-xor.png Graphic file (type png)
<use ./images//nor-xor.png>
Package pdftex.def Info: ./images//nor-xor.png  used on input line 290.
(pdftex.def)             Requested size: 452.18828pt x 254.95187pt.
 [8 </home/suban/Documents/school/latex/thirdSem/DL/lab-2/./images//nand-xor.png> </home/suban/Documents/school/latex/thirdSem/DL/lab-2/./images//nand-xnor.png>]
<./images//nor-xnor.png, id=63, 858.95906pt x 454.69875pt>
File: ./images//nor-xnor.png Graphic file (type png)
<use ./images//nor-xnor.png>
Package pdftex.def Info: ./images//nor-xnor.png  used on input line 304.
(pdftex.def)             Requested size: 429.47849pt x 227.34882pt.
 [9 </home/suban/Documents/school/latex/thirdSem/DL/lab-2/./images//nor-xor.png> </home/suban/Documents/school/latex/thirdSem/DL/lab-2/./images//nor-xnor.png>] [10] (/home/suban/Documents/school/latex/thirdSem/DL/lab-2/report.aux) ) 
Here is how much of TeX's memory you used:
 4447 strings out of 479383
 71599 string characters out of 5875830
 360977 words of memory out of 5000000
 21541 multiletter control sequences out of 15000+600000
 408964 words of font info for 46 fonts, out of 8000000 for 9000
 1141 hyphenation exceptions out of 8191
 78i,15n,85p,482b,297s stack positions out of 5000i,500n,10000p,200000b,80000s
</usr/share/texmf-dist/fonts/type1/public/amsfonts/cm/cmbx12.pfb></usr/share/texmf-dist/fonts/type1/public/amsfonts/cm/cmmi12.pfb></usr/share/texmf-dist/fonts/type1/public/amsfonts/cm/cmr12.pfb></usr/share/texmf-dist/fonts/type1/public/amsfonts/cm/cmsy8.pfb>
Output written on /home/suban/Documents/school/latex/thirdSem/DL/lab-2/report.pdf (11 pages, 242560 bytes).
PDF statistics:
 87 PDF objects out of 1000 (max. 8388607)
 39 compressed objects within 1 object stream
 0 named destinations out of 1000 (max. 500000)
 76 words of extra memory for PDF output out of 10000 (max. 10000000)

